<?xml version="1.0" encoding="UTF-8" standalone="yes"?><!DOCTYPE report PUBLIC "-//JACOCO//DTD Report 1.0//EN" "report.dtd"><report name="JUICE JaCoCo Jetty Example"><sessioninfo id="ELSOXFL-7035036-dcf41eb0" start="1464785616738" dump="1464785617403"/><sessioninfo id="ELSOXFL-7035036-dcf41eb0" start="1464785616738" dump="1464785617403"/><sessioninfo id="ELSOXFL-7035036-10270f63" start="1464785622069" dump="1464785635658"/><sessioninfo id="ELSOXFL-7035036-10270f63" start="1464785622069" dump="1464785635658"/></report>