<?xml version="1.0" encoding="UTF-8" standalone="yes"?><!DOCTYPE report PUBLIC "-//JACOCO//DTD Report 1.0//EN" "report.dtd"><report name="JUICE JaCoCo Jetty Example"><sessioninfo id="ELSOXFL-7035036-9b6ed2d4" start="1464798503115" dump="1464798503740"/><sessioninfo id="ELSOXFL-7035036-9b6ed2d4" start="1464798503115" dump="1464798503740"/><sessioninfo id="ELSOXFL-7035036-667abf2f" start="1464798508429" dump="1464798520780"/><sessioninfo id="ELSOXFL-7035036-667abf2f" start="1464798508429" dump="1464798520780"/></report>