<?xml version="1.0" encoding="UTF-8" standalone="yes"?><!DOCTYPE report PUBLIC "-//JACOCO//DTD Report 1.0//EN" "report.dtd"><report name="JUICE Maven Webapp"><sessioninfo id="ELSOXFL-7035036-ce5c6b48" start="1463055780880" dump="1463055781475"/><sessioninfo id="ELSOXFL-7035036-10e83ebe" start="1463134218762" dump="1463134219295"/><sessioninfo id="ELSOXFL-7035036-91740779" start="1463134330678" dump="1463134331247"/><sessioninfo id="ELSOXFL-7035036-9055dbba" start="1463134436810" dump="1463134437529"/><sessioninfo id="ELSOXFL-7035036-7303570a" start="1463134460947" dump="1463134461522"/><sessioninfo id="ELSOXFL-7035036-9f335ad2" start="1463134585697" dump="1463134586229"/><sessioninfo id="ELSOXFL-7035036-34f38555" start="1463135020072" dump="1463135020639"/><sessioninfo id="ELSOXFL-7035036-fac8d72c" start="1463135236908" dump="1463135237549"/><sessioninfo id="ELSOXFL-7035036-b2a0ea9e" start="1463135293939" dump="1463135294591"/><sessioninfo id="ELSOXFL-7035036-956d949a" start="1463135955559" dump="1463135956280"/><sessioninfo id="ELSOXFL-7035036-9d85e05" start="1463136031639" dump="1463136032213"/><sessioninfo id="ELSOXFL-7035036-58f4ec42" start="1463136272551" dump="1463136273106"/><sessioninfo id="ELSOXFL-7035036-d84ec9e0" start="1463136457661" dump="1463136458219"/><sessioninfo id="ELSOXFL-7035036-c19ad0ab" start="1463136678553" dump="1463136679078"/><sessioninfo id="ELSOXFL-7035036-5d233d82" start="1463136739060" dump="1463136739678"/><sessioninfo id="ELSOXFL-7035036-c3e65d31" start="1463137093663" dump="1463137094240"/><sessioninfo id="ELSOXFL-7035036-ec3bba0e" start="1463137287197" dump="1463137287807"/><sessioninfo id="ELSOXFL-7035036-5eab1854" start="1463137357256" dump="1463137358045"/><sessioninfo id="ELSOXFL-7035036-48b24a92" start="1463137454447" dump="1463137455028"/><sessioninfo id="ELSOXFL-7035036-59353c52" start="1463137492536" dump="1463137493153"/><package name="net/paneris/juice"><class name="net/paneris/juice/Login"><method name="&lt;init&gt;" desc="()V" line="14"><counter type="INSTRUCTION" missed="3" covered="0"/><counter type="LINE" missed="1" covered="0"/><counter type="COMPLEXITY" missed="1" covered="0"/><counter type="METHOD" missed="1" covered="0"/></method><method name="doPost" desc="(Ljavax/servlet/http/HttpServletRequest;Ljavax/servlet/http/HttpServletResponse;)V" line="19"><counter type="INSTRUCTION" missed="22" covered="0"/><counter type="LINE" missed="7" covered="0"/><counter type="COMPLEXITY" missed="1" covered="0"/><counter type="METHOD" missed="1" covered="0"/></method><method name="header" desc="(Ljava/lang/String;)Ljava/lang/String;" line="28"><counter type="INSTRUCTION" missed="0" covered="11"/><counter type="LINE" missed="0" covered="1"/><counter type="COMPLEXITY" missed="0" covered="1"/><counter type="METHOD" missed="0" covered="1"/></method><method name="link" desc="(Ljava/lang/String;Ljava/lang/String;)Ljava/lang/String;" line="32"><counter type="INSTRUCTION" missed="0" covered="15"/><counter type="LINE" missed="0" covered="1"/><counter type="COMPLEXITY" missed="0" covered="1"/><counter type="METHOD" missed="0" covered="1"/></method><method name="response" desc="(Z)Ljava/lang/String;" line="36"><counter type="INSTRUCTION" missed="0" covered="8"/><counter type="BRANCH" missed="0" covered="2"/><counter type="LINE" missed="0" covered="3"/><counter type="COMPLEXITY" missed="0" covered="2"/><counter type="METHOD" missed="0" covered="1"/></method><counter type="INSTRUCTION" missed="25" covered="34"/><counter type="BRANCH" missed="0" covered="2"/><counter type="LINE" missed="8" covered="5"/><counter type="COMPLEXITY" missed="2" covered="4"/><counter type="METHOD" missed="2" covered="3"/><counter type="CLASS" missed="0" covered="1"/></class><class name="net/paneris/juice/Authoriser"><method name="&lt;init&gt;" desc="()V" line="7"><counter type="INSTRUCTION" missed="3" covered="0"/><counter type="LINE" missed="1" covered="0"/><counter type="COMPLEXITY" missed="1" covered="0"/><counter type="METHOD" missed="1" covered="0"/></method><method name="ok" desc="(Ljava/lang/String;Ljava/lang/String;)Z" line="9"><counter type="INSTRUCTION" missed="0" covered="12"/><counter type="BRANCH" missed="0" covered="4"/><counter type="LINE" missed="0" covered="4"/><counter type="COMPLEXITY" missed="0" covered="3"/><counter type="METHOD" missed="0" covered="1"/></method><counter type="INSTRUCTION" missed="3" covered="12"/><counter type="BRANCH" missed="0" covered="4"/><counter type="LINE" missed="1" covered="4"/><counter type="COMPLEXITY" missed="1" covered="3"/><counter type="METHOD" missed="1" covered="1"/><counter type="CLASS" missed="0" covered="1"/></class><sourcefile name="Authoriser.java"><line nr="7" mi="3" ci="0" mb="0" cb="0"/><line nr="9" mi="0" ci="4" mb="0" cb="2"/><line nr="10" mi="0" ci="4" mb="0" cb="2"/><line nr="11" mi="0" ci="2" mb="0" cb="0"/><line nr="14" mi="0" ci="2" mb="0" cb="0"/><counter type="INSTRUCTION" missed="3" covered="12"/><counter type="BRANCH" missed="0" covered="4"/><counter type="LINE" missed="1" covered="4"/><counter type="COMPLEXITY" missed="1" covered="3"/><counter type="METHOD" missed="1" covered="1"/><counter type="CLASS" missed="0" covered="1"/></sourcefile><sourcefile name="Login.java"><line nr="14" mi="3" ci="0" mb="0" cb="0"/><line nr="19" mi="3" ci="0" mb="0" cb="0"/><line nr="20" mi="3" ci="0" mb="0" cb="0"/><line nr="21" mi="10" ci="0" mb="0" cb="0"/><line nr="22" mi="1" ci="0" mb="0" cb="0"/><line nr="23" mi="3" ci="0" mb="0" cb="0"/><line nr="24" mi="1" ci="0" mb="0" cb="0"/><line nr="25" mi="1" ci="0" mb="0" cb="0"/><line nr="28" mi="0" ci="11" mb="0" cb="0"/><line nr="32" mi="0" ci="15" mb="0" cb="0"/><line nr="36" mi="0" ci="2" mb="0" cb="2"/><line nr="37" mi="0" ci="2" mb="0" cb="0"/><line nr="39" mi="0" ci="4" mb="0" cb="0"/><counter type="INSTRUCTION" missed="25" covered="34"/><counter type="BRANCH" missed="0" covered="2"/><counter type="LINE" missed="8" covered="5"/><counter type="COMPLEXITY" missed="2" covered="4"/><counter type="METHOD" missed="2" covered="3"/><counter type="CLASS" missed="0" covered="1"/></sourcefile><counter type="INSTRUCTION" missed="28" covered="46"/><counter type="BRANCH" missed="0" covered="6"/><counter type="LINE" missed="9" covered="9"/><counter type="COMPLEXITY" missed="3" covered="7"/><counter type="METHOD" missed="3" covered="4"/><counter type="CLASS" missed="0" covered="2"/></package><counter type="INSTRUCTION" missed="28" covered="46"/><counter type="BRANCH" missed="0" covered="6"/><counter type="LINE" missed="9" covered="9"/><counter type="COMPLEXITY" missed="3" covered="7"/><counter type="METHOD" missed="3" covered="4"/><counter type="CLASS" missed="0" covered="2"/></report>